<?xml version="1.0" encoding="UTF-8"?>
<!-- Generated by org.testng.reporters.JUnitReportReporter -->
<testsuite skipped="0" hostname="KineticSkunk-Af" name="Runner.TestRunnerMulipleScenario" tests="1" failures="0" timestamp="2021-11-16T17:07:46 CAT" time="31.072" errors="0">
  <testcase name="feature" time="31.072" classname="Runner.TestRunnerMulipleScenario"/>
  <system-out/>
</testsuite> <!-- Runner.TestRunnerMulipleScenario -->
