<?xml version="1.0" encoding="UTF-8"?>
<!-- Generated by org.testng.reporters.JUnitReportReporter -->
<testsuite skipped="0" hostname="KineticSkunk-Af" name="Runner.TestRunnerTags" tests="1" failures="0" timestamp="2021-11-16T17:07:46 CAT" time="61.252" errors="0">
  <testcase name="feature" time="61.252" classname="Runner.TestRunnerTags"/>
  <system-out/>
</testsuite> <!-- Runner.TestRunnerTags -->
