<?xml version="1.0" encoding="UTF-8"?>
<!-- Generated by org.testng.reporters.JUnitReportReporter -->
<testsuite skipped="0" hostname="KineticSkunk-Af" name="Runner.TestRunnerMulti" tests="3" failures="0" timestamp="2021-11-16T17:07:46 CAT" time="58.070" errors="0">
  <testcase name="feature" time="32.423" classname="Runner.TestRunnerMulti"/>
  <system-out/>
  <testcase name="feature" time="10.109" classname="Runner.TestRunnerMulti"/>
  <system-out/>
  <testcase name="feature" time="15.538" classname="Runner.TestRunnerMulti"/>
  <system-out/>
</testsuite> <!-- Runner.TestRunnerMulti -->
