<?xml version="1.0" encoding="UTF-8"?>
<!-- Generated by org.testng.reporters.JUnitReportReporter -->
<testsuite skipped="0" hostname="KineticSkunk-Af" name="Runner.TestRunnerBackground" tests="1" failures="0" timestamp="2021-11-16T17:07:46 CAT" time="30.848" errors="0">
  <testcase name="feature" time="30.848" classname="Runner.TestRunnerBackground"/>
  <system-out/>
</testsuite> <!-- Runner.TestRunnerBackground -->
