<?xml version="1.0" encoding="UTF-8"?>
<!-- Generated by org.testng.reporters.JUnitReportReporter -->
<testsuite skipped="0" hostname="KineticSkunk-Af" name="Runner.TestRunnerParameterization" tests="1" failures="0" timestamp="2021-11-16T17:07:46 CAT" time="32.103" errors="0">
  <testcase name="feature" time="32.103" classname="Runner.TestRunnerParameterization"/>
  <system-out/>
</testsuite> <!-- Runner.TestRunnerParameterization -->
