<?xml version="1.0" encoding="UTF-8"?>
<!-- Generated by org.testng.reporters.JUnitReportReporter -->
<testsuite skipped="0" hostname="KineticSkunk-Af" name="Runner.TestRunnerHooks" tests="1" failures="0" timestamp="2021-11-16T17:07:46 CAT" time="30.972" errors="0">
  <testcase name="feature" time="30.972" classname="Runner.TestRunnerHooks"/>
  <system-out/>
</testsuite> <!-- Runner.TestRunnerHooks -->
