<?xml version="1.0" encoding="UTF-8"?>
<!-- Generated by org.testng.reporters.JUnitReportReporter -->
<testsuite skipped="0" hostname="KineticSkunk-Af" name="Runner.TestRunner" tests="2" failures="0" timestamp="2021-11-16T17:07:46 CAT" time="16.838" errors="0">
  <testcase name="feature" time="0.501" classname="Runner.TestRunner"/>
  <system-out/>
  <testcase name="feature" time="16.337" classname="Runner.TestRunner"/>
  <system-out/>
</testsuite> <!-- Runner.TestRunner -->
